<?xml version="1.0" encoding="UTF-8"?>
<testng-results ignored="0" total="1" passed="1" failed="0" skipped="0">
  <reporter-output>
  </reporter-output>
  <suite started-at="2022-05-16T20:39:44 IST" name="com.gmail.CreateGmailAccountTest" finished-at="2022-05-16T20:39:50 IST" duration-ms="5471">
    <groups>
    </groups>
    <test started-at="2022-05-16T20:39:44 IST" name="Command line test" finished-at="2022-05-16T20:39:50 IST" duration-ms="5471">
      <class name="com.gmail.CreateGmailAccountTest">
        <test-method signature="createAccount()[pri:0, instance:com.gmail.CreateGmailAccountTest@7c729a55]" started-at="2022-05-16T20:39:44 IST" name="createAccount" finished-at="2022-05-16T20:39:50 IST" duration-ms="5453" status="PASS">
          <reporter-output>
          </reporter-output>
        </test-method> <!-- createAccount -->
      </class> <!-- com.gmail.CreateGmailAccountTest -->
    </test> <!-- Command line test -->
  </suite> <!-- com.gmail.CreateGmailAccountTest -->
</testng-results>
